0 info it worked if it ends with ok
1 verbose cli [ '/usr/local/bin/node',
1 verbose cli   '/usr/local/bin/npm',
1 verbose cli   'install',
1 verbose cli   'snapchat' ]
2 info using npm@3.10.9
3 info using node@v6.9.2
4 silly loadCurrentTree Starting
5 silly install loadCurrentTree
6 silly install readLocalPackageData
7 silly fetchPackageMetaData snapchat
8 silly fetchNamedPackageData snapchat
9 silly mapToRegistry name snapchat
10 silly mapToRegistry using default registry
11 silly mapToRegistry registry https://registry.npmjs.org/
12 silly mapToRegistry data Result {
12 silly mapToRegistry   raw: 'snapchat',
12 silly mapToRegistry   scope: null,
12 silly mapToRegistry   escapedName: 'snapchat',
12 silly mapToRegistry   name: 'snapchat',
12 silly mapToRegistry   rawSpec: '',
12 silly mapToRegistry   spec: 'latest',
12 silly mapToRegistry   type: 'tag' }
13 silly mapToRegistry uri https://registry.npmjs.org/snapchat
14 verbose request uri https://registry.npmjs.org/snapchat
15 verbose request no auth needed
16 info attempt registry request try #1 at 12:07:44 AM
17 verbose request id 2765032b69d382fa
18 verbose etag W/"55e6f8e8-3978"
19 verbose lastModified Wed, 02 Sep 2015 13:26:00 GMT
20 http request GET https://registry.npmjs.org/snapchat
21 http 304 https://registry.npmjs.org/snapchat
22 verbose headers { date: 'Sun, 27 Aug 2017 04:07:44 GMT',
22 verbose headers   via: '1.1 varnish',
22 verbose headers   'cache-control': 'max-age=300',
22 verbose headers   etag: 'W/"55e6f8e8-3978"',
22 verbose headers   age: '24',
22 verbose headers   connection: 'keep-alive',
22 verbose headers   'x-served-by': 'cache-ewr18137-EWR',
22 verbose headers   'x-cache': 'HIT',
22 verbose headers   'x-cache-hits': '1',
22 verbose headers   'x-timer': 'S1503806865.548995,VS0,VE0',
22 verbose headers   vary: 'Accept-Encoding, Accept' }
23 silly get cb [ 304,
23 silly get   { date: 'Sun, 27 Aug 2017 04:07:44 GMT',
23 silly get     via: '1.1 varnish',
23 silly get     'cache-control': 'max-age=300',
23 silly get     etag: 'W/"55e6f8e8-3978"',
23 silly get     age: '24',
23 silly get     connection: 'keep-alive',
23 silly get     'x-served-by': 'cache-ewr18137-EWR',
23 silly get     'x-cache': 'HIT',
23 silly get     'x-cache-hits': '1',
23 silly get     'x-timer': 'S1503806865.548995,VS0,VE0',
23 silly get     vary: 'Accept-Encoding, Accept' } ]
24 verbose etag https://registry.npmjs.org/snapchat from cache
25 verbose get saving snapchat to /Users/jamesbaker/.npm/registry.npmjs.org/snapchat/.cache.json
26 verbose correctMkdir /Users/jamesbaker/.npm correctMkdir not in flight; initializing
27 silly install normalizeTree
28 silly loadCurrentTree Finishing
29 silly loadIdealTree Starting
30 silly install loadIdealTree
31 silly cloneCurrentTree Starting
32 silly install cloneCurrentTreeToIdealTree
33 silly cloneCurrentTree Finishing
34 silly loadShrinkwrap Starting
35 silly install loadShrinkwrap
36 silly loadShrinkwrap Finishing
37 silly loadAllDepsIntoIdealTree Starting
38 silly install loadAllDepsIntoIdealTree
39 silly resolveWithNewModule snapchat@2.0.2 checking installable status
40 silly cache add args [ 'snapchat', null ]
41 verbose cache add spec snapchat
42 silly cache add parsed spec Result {
42 silly cache add   raw: 'snapchat',
42 silly cache add   scope: null,
42 silly cache add   escapedName: 'snapchat',
42 silly cache add   name: 'snapchat',
42 silly cache add   rawSpec: '',
42 silly cache add   spec: 'latest',
42 silly cache add   type: 'tag' }
43 silly addNamed snapchat@latest
44 verbose addNamed "latest" is being treated as a dist-tag for snapchat
45 info addNameTag [ 'snapchat', 'latest' ]
46 silly mapToRegistry name snapchat
47 silly mapToRegistry using default registry
48 silly mapToRegistry registry https://registry.npmjs.org/
49 silly mapToRegistry data Result {
49 silly mapToRegistry   raw: 'snapchat',
49 silly mapToRegistry   scope: null,
49 silly mapToRegistry   escapedName: 'snapchat',
49 silly mapToRegistry   name: 'snapchat',
49 silly mapToRegistry   rawSpec: '',
49 silly mapToRegistry   spec: 'latest',
49 silly mapToRegistry   type: 'tag' }
50 silly mapToRegistry uri https://registry.npmjs.org/snapchat
51 verbose addNameTag registry:https://registry.npmjs.org/snapchat not in flight; fetching
52 verbose get https://registry.npmjs.org/snapchat not expired, no request
53 silly addNameTag next cb for snapchat with tag latest
54 silly addNamed snapchat@2.0.2
55 verbose addNamed "2.0.2" is a plain semver version for snapchat
56 silly cache afterAdd snapchat@2.0.2
57 verbose afterAdd /Users/jamesbaker/.npm/snapchat/2.0.2/package/package.json not in flight; writing
58 verbose correctMkdir /Users/jamesbaker/.npm correctMkdir not in flight; initializing
59 verbose afterAdd /Users/jamesbaker/.npm/snapchat/2.0.2/package/package.json written
60 silly fetchNamedPackageData ursa
61 silly mapToRegistry name ursa
62 silly mapToRegistry using default registry
63 silly mapToRegistry registry https://registry.npmjs.org/
64 silly mapToRegistry data Result {
64 silly mapToRegistry   raw: 'ursa',
64 silly mapToRegistry   scope: null,
64 silly mapToRegistry   escapedName: 'ursa',
64 silly mapToRegistry   name: 'ursa',
64 silly mapToRegistry   rawSpec: '',
64 silly mapToRegistry   spec: 'latest',
64 silly mapToRegistry   type: 'tag' }
65 silly mapToRegistry uri https://registry.npmjs.org/ursa
66 verbose request uri https://registry.npmjs.org/ursa
67 verbose request no auth needed
68 info attempt registry request try #1 at 12:07:44 AM
69 verbose etag W/"59708ad1-d407"
70 verbose lastModified Thu, 20 Jul 2017 10:49:53 GMT
71 http request GET https://registry.npmjs.org/ursa
72 http 304 https://registry.npmjs.org/ursa
73 verbose headers { date: 'Sun, 27 Aug 2017 04:07:44 GMT',
73 verbose headers   via: '1.1 varnish',
73 verbose headers   'cache-control': 'max-age=300',
73 verbose headers   etag: 'W/"59708ad1-d407"',
73 verbose headers   age: '24',
73 verbose headers   connection: 'keep-alive',
73 verbose headers   'x-served-by': 'cache-ewr18137-EWR',
73 verbose headers   'x-cache': 'HIT',
73 verbose headers   'x-cache-hits': '1',
73 verbose headers   'x-timer': 'S1503806865.893444,VS0,VE0',
73 verbose headers   vary: 'Accept-Encoding, Accept' }
74 silly get cb [ 304,
74 silly get   { date: 'Sun, 27 Aug 2017 04:07:44 GMT',
74 silly get     via: '1.1 varnish',
74 silly get     'cache-control': 'max-age=300',
74 silly get     etag: 'W/"59708ad1-d407"',
74 silly get     age: '24',
74 silly get     connection: 'keep-alive',
74 silly get     'x-served-by': 'cache-ewr18137-EWR',
74 silly get     'x-cache': 'HIT',
74 silly get     'x-cache-hits': '1',
74 silly get     'x-timer': 'S1503806865.893444,VS0,VE0',
74 silly get     vary: 'Accept-Encoding, Accept' } ]
75 verbose etag https://registry.npmjs.org/ursa from cache
76 verbose get saving ursa to /Users/jamesbaker/.npm/registry.npmjs.org/ursa/.cache.json
77 verbose correctMkdir /Users/jamesbaker/.npm correctMkdir not in flight; initializing
78 silly resolveWithNewModule ursa@0.8.5 checking installable status
79 silly cache add args [ 'ursa@^0.8.5', null ]
80 verbose cache add spec ursa@^0.8.5
81 silly cache add parsed spec Result {
81 silly cache add   raw: 'ursa@^0.8.5',
81 silly cache add   scope: null,
81 silly cache add   escapedName: 'ursa',
81 silly cache add   name: 'ursa',
81 silly cache add   rawSpec: '^0.8.5',
81 silly cache add   spec: '>=0.8.5 <0.9.0',
81 silly cache add   type: 'range' }
82 silly addNamed ursa@>=0.8.5 <0.9.0
83 verbose addNamed ">=0.8.5 <0.9.0" is a valid semver range for ursa
84 silly addNameRange { name: 'ursa', range: '>=0.8.5 <0.9.0', hasData: false }
85 silly mapToRegistry name ursa
86 silly mapToRegistry using default registry
87 silly mapToRegistry registry https://registry.npmjs.org/
88 silly mapToRegistry data Result {
88 silly mapToRegistry   raw: 'ursa',
88 silly mapToRegistry   scope: null,
88 silly mapToRegistry   escapedName: 'ursa',
88 silly mapToRegistry   name: 'ursa',
88 silly mapToRegistry   rawSpec: '',
88 silly mapToRegistry   spec: 'latest',
88 silly mapToRegistry   type: 'tag' }
89 silly mapToRegistry uri https://registry.npmjs.org/ursa
90 verbose addNameRange registry:https://registry.npmjs.org/ursa not in flight; fetching
91 verbose get https://registry.npmjs.org/ursa not expired, no request
92 silly addNameRange number 2 { name: 'ursa', range: '>=0.8.5 <0.9.0', hasData: true }
93 silly addNameRange versions [ 'ursa',
93 silly addNameRange   [ '0.4.10',
93 silly addNameRange     '0.4.11',
93 silly addNameRange     '0.4.12',
93 silly addNameRange     '0.4.13',
93 silly addNameRange     '0.6.0',
93 silly addNameRange     '0.6.1',
93 silly addNameRange     '0.6.2',
93 silly addNameRange     '0.6.3',
93 silly addNameRange     '0.6.4',
93 silly addNameRange     '0.6.5',
93 silly addNameRange     '0.6.6',
93 silly addNameRange     '0.6.7',
93 silly addNameRange     '0.6.8',
93 silly addNameRange     '0.6.9',
93 silly addNameRange     '0.7.0',
93 silly addNameRange     '0.8.0',
93 silly addNameRange     '0.8.1',
93 silly addNameRange     '0.8.2',
93 silly addNameRange     '0.8.3',
93 silly addNameRange     '0.8.4',
93 silly addNameRange     '0.8.5',
93 silly addNameRange     '0.9.0',
93 silly addNameRange     '0.9.1',
93 silly addNameRange     '0.9.2',
93 silly addNameRange     '0.9.3',
93 silly addNameRange     '0.9.4' ] ]
94 silly addNamed ursa@0.8.5
95 verbose addNamed "0.8.5" is a plain semver version for ursa
96 silly cache afterAdd ursa@0.8.5
97 verbose afterAdd /Users/jamesbaker/.npm/ursa/0.8.5/package/package.json not in flight; writing
98 verbose correctMkdir /Users/jamesbaker/.npm correctMkdir not in flight; initializing
99 verbose afterAdd /Users/jamesbaker/.npm/ursa/0.8.5/package/package.json written
100 silly fetchNamedPackageData bindings
101 silly mapToRegistry name bindings
102 silly mapToRegistry using default registry
103 silly mapToRegistry registry https://registry.npmjs.org/
104 silly mapToRegistry data Result {
104 silly mapToRegistry   raw: 'bindings',
104 silly mapToRegistry   scope: null,
104 silly mapToRegistry   escapedName: 'bindings',
104 silly mapToRegistry   name: 'bindings',
104 silly mapToRegistry   rawSpec: '',
104 silly mapToRegistry   spec: 'latest',
104 silly mapToRegistry   type: 'tag' }
105 silly mapToRegistry uri https://registry.npmjs.org/bindings
106 silly fetchNamedPackageData nan
107 silly mapToRegistry name nan
108 silly mapToRegistry using default registry
109 silly mapToRegistry registry https://registry.npmjs.org/
110 silly mapToRegistry data Result {
110 silly mapToRegistry   raw: 'nan',
110 silly mapToRegistry   scope: null,
110 silly mapToRegistry   escapedName: 'nan',
110 silly mapToRegistry   name: 'nan',
110 silly mapToRegistry   rawSpec: '',
110 silly mapToRegistry   spec: 'latest',
110 silly mapToRegistry   type: 'tag' }
111 silly mapToRegistry uri https://registry.npmjs.org/nan
112 verbose request uri https://registry.npmjs.org/bindings
113 verbose request no auth needed
114 info attempt registry request try #1 at 12:07:45 AM
115 verbose etag W/"59764778-4c05"
116 verbose lastModified Mon, 24 Jul 2017 19:16:08 GMT
117 http request GET https://registry.npmjs.org/bindings
118 verbose request uri https://registry.npmjs.org/nan
119 verbose request no auth needed
120 info attempt registry request try #1 at 12:07:45 AM
121 verbose etag W/"597a1ce5-1fa1a"
122 verbose lastModified Thu, 27 Jul 2017 17:03:33 GMT
123 http request GET https://registry.npmjs.org/nan
124 http 304 https://registry.npmjs.org/bindings
125 verbose headers { date: 'Sun, 27 Aug 2017 04:07:45 GMT',
125 verbose headers   via: '1.1 varnish',
125 verbose headers   'cache-control': 'max-age=300',
125 verbose headers   etag: 'W/"59764778-4c05"',
125 verbose headers   age: '24',
125 verbose headers   connection: 'keep-alive',
125 verbose headers   'x-served-by': 'cache-ewr18137-EWR',
125 verbose headers   'x-cache': 'HIT',
125 verbose headers   'x-cache-hits': '1',
125 verbose headers   'x-timer': 'S1503806865.041288,VS0,VE0',
125 verbose headers   vary: 'Accept-Encoding, Accept' }
126 silly get cb [ 304,
126 silly get   { date: 'Sun, 27 Aug 2017 04:07:45 GMT',
126 silly get     via: '1.1 varnish',
126 silly get     'cache-control': 'max-age=300',
126 silly get     etag: 'W/"59764778-4c05"',
126 silly get     age: '24',
126 silly get     connection: 'keep-alive',
126 silly get     'x-served-by': 'cache-ewr18137-EWR',
126 silly get     'x-cache': 'HIT',
126 silly get     'x-cache-hits': '1',
126 silly get     'x-timer': 'S1503806865.041288,VS0,VE0',
126 silly get     vary: 'Accept-Encoding, Accept' } ]
127 verbose etag https://registry.npmjs.org/bindings from cache
128 verbose get saving bindings to /Users/jamesbaker/.npm/registry.npmjs.org/bindings/.cache.json
129 verbose correctMkdir /Users/jamesbaker/.npm correctMkdir not in flight; initializing
130 silly resolveWithNewModule bindings@1.3.0 checking installable status
131 silly cache add args [ 'bindings@^1.2.1', null ]
132 verbose cache add spec bindings@^1.2.1
133 silly cache add parsed spec Result {
133 silly cache add   raw: 'bindings@^1.2.1',
133 silly cache add   scope: null,
133 silly cache add   escapedName: 'bindings',
133 silly cache add   name: 'bindings',
133 silly cache add   rawSpec: '^1.2.1',
133 silly cache add   spec: '>=1.2.1 <2.0.0',
133 silly cache add   type: 'range' }
134 silly addNamed bindings@>=1.2.1 <2.0.0
135 verbose addNamed ">=1.2.1 <2.0.0" is a valid semver range for bindings
136 silly addNameRange { name: 'bindings', range: '>=1.2.1 <2.0.0', hasData: false }
137 silly mapToRegistry name bindings
138 silly mapToRegistry using default registry
139 silly mapToRegistry registry https://registry.npmjs.org/
140 silly mapToRegistry data Result {
140 silly mapToRegistry   raw: 'bindings',
140 silly mapToRegistry   scope: null,
140 silly mapToRegistry   escapedName: 'bindings',
140 silly mapToRegistry   name: 'bindings',
140 silly mapToRegistry   rawSpec: '',
140 silly mapToRegistry   spec: 'latest',
140 silly mapToRegistry   type: 'tag' }
141 silly mapToRegistry uri https://registry.npmjs.org/bindings
142 verbose addNameRange registry:https://registry.npmjs.org/bindings not in flight; fetching
143 verbose get https://registry.npmjs.org/bindings not expired, no request
144 silly addNameRange number 2 { name: 'bindings', range: '>=1.2.1 <2.0.0', hasData: true }
145 silly addNameRange versions [ 'bindings',
145 silly addNameRange   [ '0.0.1',
145 silly addNameRange     '0.1.0',
145 silly addNameRange     '0.1.1',
145 silly addNameRange     '0.2.0',
145 silly addNameRange     '0.2.1',
145 silly addNameRange     '0.2.2',
145 silly addNameRange     '0.2.3',
145 silly addNameRange     '0.2.4',
145 silly addNameRange     '0.3.0',
145 silly addNameRange     '0.4.0',
145 silly addNameRange     '1.0.0',
145 silly addNameRange     '1.1.0',
145 silly addNameRange     '1.1.1',
145 silly addNameRange     '1.2.0',
145 silly addNameRange     '1.2.1',
145 silly addNameRange     '1.3.0' ] ]
146 silly addNamed bindings@1.3.0
147 verbose addNamed "1.3.0" is a plain semver version for bindings
148 silly cache afterAdd bindings@1.3.0
149 verbose afterAdd /Users/jamesbaker/.npm/bindings/1.3.0/package/package.json not in flight; writing
150 verbose correctMkdir /Users/jamesbaker/.npm correctMkdir not in flight; initializing
151 verbose afterAdd /Users/jamesbaker/.npm/bindings/1.3.0/package/package.json written
152 http 304 https://registry.npmjs.org/nan
153 verbose headers { date: 'Sun, 27 Aug 2017 04:07:45 GMT',
153 verbose headers   via: '1.1 varnish',
153 verbose headers   'cache-control': 'max-age=300',
153 verbose headers   etag: 'W/"597a1ce5-1fa1a"',
153 verbose headers   age: '130',
153 verbose headers   connection: 'keep-alive',
153 verbose headers   'x-served-by': 'cache-ewr18129-EWR',
153 verbose headers   'x-cache': 'HIT',
153 verbose headers   'x-cache-hits': '1',
153 verbose headers   'x-timer': 'S1503806865.090858,VS0,VE0',
153 verbose headers   vary: 'Accept-Encoding, Accept' }
154 silly get cb [ 304,
154 silly get   { date: 'Sun, 27 Aug 2017 04:07:45 GMT',
154 silly get     via: '1.1 varnish',
154 silly get     'cache-control': 'max-age=300',
154 silly get     etag: 'W/"597a1ce5-1fa1a"',
154 silly get     age: '130',
154 silly get     connection: 'keep-alive',
154 silly get     'x-served-by': 'cache-ewr18129-EWR',
154 silly get     'x-cache': 'HIT',
154 silly get     'x-cache-hits': '1',
154 silly get     'x-timer': 'S1503806865.090858,VS0,VE0',
154 silly get     vary: 'Accept-Encoding, Accept' } ]
155 verbose etag https://registry.npmjs.org/nan from cache
156 verbose get saving nan to /Users/jamesbaker/.npm/registry.npmjs.org/nan/.cache.json
157 verbose correctMkdir /Users/jamesbaker/.npm correctMkdir not in flight; initializing
158 silly resolveWithNewModule nan@1.9.0 checking installable status
159 silly cache add args [ 'nan@^1.7.0', null ]
160 verbose cache add spec nan@^1.7.0
161 silly cache add parsed spec Result {
161 silly cache add   raw: 'nan@^1.7.0',
161 silly cache add   scope: null,
161 silly cache add   escapedName: 'nan',
161 silly cache add   name: 'nan',
161 silly cache add   rawSpec: '^1.7.0',
161 silly cache add   spec: '>=1.7.0 <2.0.0',
161 silly cache add   type: 'range' }
162 silly addNamed nan@>=1.7.0 <2.0.0
163 verbose addNamed ">=1.7.0 <2.0.0" is a valid semver range for nan
164 silly addNameRange { name: 'nan', range: '>=1.7.0 <2.0.0', hasData: false }
165 silly mapToRegistry name nan
166 silly mapToRegistry using default registry
167 silly mapToRegistry registry https://registry.npmjs.org/
168 silly mapToRegistry data Result {
168 silly mapToRegistry   raw: 'nan',
168 silly mapToRegistry   scope: null,
168 silly mapToRegistry   escapedName: 'nan',
168 silly mapToRegistry   name: 'nan',
168 silly mapToRegistry   rawSpec: '',
168 silly mapToRegistry   spec: 'latest',
168 silly mapToRegistry   type: 'tag' }
169 silly mapToRegistry uri https://registry.npmjs.org/nan
170 verbose addNameRange registry:https://registry.npmjs.org/nan not in flight; fetching
171 verbose get https://registry.npmjs.org/nan not expired, no request
172 silly addNameRange number 2 { name: 'nan', range: '>=1.7.0 <2.0.0', hasData: true }
173 silly addNameRange versions [ 'nan',
173 silly addNameRange   [ '0.3.0-wip',
173 silly addNameRange     '0.3.0-wip2',
173 silly addNameRange     '0.3.0',
173 silly addNameRange     '0.3.1',
173 silly addNameRange     '0.3.2',
173 silly addNameRange     '0.4.0',
173 silly addNameRange     '0.4.1',
173 silly addNameRange     '0.4.2',
173 silly addNameRange     '0.4.3',
173 silly addNameRange     '0.4.4',
173 silly addNameRange     '0.5.0',
173 silly addNameRange     '0.5.1',
173 silly addNameRange     '0.5.2',
173 silly addNameRange     '0.6.0',
173 silly addNameRange     '0.7.0',
173 silly addNameRange     '0.7.1',
173 silly addNameRange     '0.8.0',
173 silly addNameRange     '1.0.0',
173 silly addNameRange     '1.1.0',
173 silly addNameRange     '1.1.1',
173 silly addNameRange     '1.1.2',
173 silly addNameRange     '1.2.0',
173 silly addNameRange     '1.3.0',
173 silly addNameRange     '1.4.0',
173 silly addNameRange     '1.4.1',
173 silly addNameRange     '1.5.0',
173 silly addNameRange     '1.4.2',
173 silly addNameRange     '1.4.3',
173 silly addNameRange     '1.5.1',
173 silly addNameRange     '1.5.2',
173 silly addNameRange     '1.6.0',
173 silly addNameRange     '1.5.3',
173 silly addNameRange     '1.6.1',
173 silly addNameRange     '1.6.2',
173 silly addNameRange     '1.7.0',
173 silly addNameRange     '1.8.0',
173 silly addNameRange     '1.8.1',
173 silly addNameRange     '1.8.2',
173 silly addNameRange     '1.8.3',
173 silly addNameRange     '1.8.4',
173 silly addNameRange     '1.9.0',
173 silly addNameRange     '2.0.0',
173 silly addNameRange     '2.0.1',
173 silly addNameRange     '2.0.2',
173 silly addNameRange     '2.0.3',
173 silly addNameRange     '2.0.4',
173 silly addNameRange     '2.0.5',
173 silly addNameRange     '2.0.6',
173 silly addNameRange     '2.0.7',
173 silly addNameRange     '2.0.8',
173 silly addNameRange     '2.0.9',
173 silly addNameRange     '2.1.0',
173 silly addNameRange     '2.2.0',
173 silly addNameRange     '2.2.1',
173 silly addNameRange     '2.3.0',
173 silly addNameRange     '2.3.1',
173 silly addNameRange     '2.3.2',
173 silly addNameRange     '2.3.3',
173 silly addNameRange     '2.3.4',
173 silly addNameRange     '2.3.5',
173 silly addNameRange     '2.4.0',
173 silly addNameRange     '2.5.0',
173 silly addNameRange     '2.5.1',
173 silly addNameRange     '2.6.0',
173 silly addNameRange     '2.6.1',
173 silly addNameRange     '2.6.2' ] ]
174 silly addNamed nan@1.9.0
175 verbose addNamed "1.9.0" is a plain semver version for nan
176 silly cache afterAdd nan@1.9.0
177 verbose afterAdd /Users/jamesbaker/.npm/nan/1.9.0/package/package.json not in flight; writing
178 verbose correctMkdir /Users/jamesbaker/.npm correctMkdir not in flight; initializing
179 verbose afterAdd /Users/jamesbaker/.npm/nan/1.9.0/package/package.json written
180 silly loadAllDepsIntoIdealTree Finishing
181 silly loadIdealTree Finishing
182 silly currentTree snap@1.0.0
182 silly currentTree ├── abbrev@1.1.0
182 silly currentTree ├── ajv@4.11.8
182 silly currentTree ├── ansi-regex@2.1.1
182 silly currentTree ├── aproba@1.1.2
182 silly currentTree ├── are-we-there-yet@1.1.4
182 silly currentTree ├── array-find-index@1.0.2
182 silly currentTree ├── asn1@0.2.3
182 silly currentTree ├── assert-plus@0.2.0
182 silly currentTree ├── async@1.5.2
182 silly currentTree ├── asynckit@0.4.0
182 silly currentTree ├── aws-sign2@0.6.0
182 silly currentTree ├── aws4@1.6.0
182 silly currentTree ├── balanced-match@1.0.0
182 silly currentTree ├── bcrypt-pbkdf@1.0.1
182 silly currentTree ├── bignum@0.11.0
182 silly currentTree ├── block-stream@0.0.9
182 silly currentTree ├── bluebird@2.11.0
182 silly currentTree ├── boom@2.10.1
182 silly currentTree ├── brace-expansion@1.1.8
182 silly currentTree ├── builtin-modules@1.1.1
182 silly currentTree ├── camelcase-keys@2.1.0
182 silly currentTree ├── camelcase@2.1.1
182 silly currentTree ├── caseless@0.12.0
182 silly currentTree ├── co@4.6.0
182 silly currentTree ├── code-point-at@1.1.0
182 silly currentTree ├── combined-stream@1.0.5
182 silly currentTree ├── concat-map@0.0.1
182 silly currentTree ├── console-control-strings@1.1.0
182 silly currentTree ├── core-util-is@1.0.2
182 silly currentTree ├── cryptiles@2.0.5
182 silly currentTree ├── currently-unhandled@0.4.1
182 silly currentTree ├─┬ dashdash@1.14.1
182 silly currentTree │ └── assert-plus@1.0.0
182 silly currentTree ├── debug@2.6.8
182 silly currentTree ├── decamelize@1.2.0
182 silly currentTree ├── delayed-stream@1.0.0
182 silly currentTree ├── delegates@1.0.0
182 silly currentTree ├── ecc-jsbn@0.1.1
182 silly currentTree ├── enum@2.4.0
182 silly currentTree ├── error-ex@1.3.1
182 silly currentTree ├── extend@3.0.1
182 silly currentTree ├── extsprintf@1.3.0
182 silly currentTree ├── file-type@2.12.0
182 silly currentTree ├── find-up@1.1.2
182 silly currentTree ├── forever-agent@0.6.1
182 silly currentTree ├── form-data@2.1.4
182 silly currentTree ├── fs.realpath@1.0.0
182 silly currentTree ├── fstream@1.0.11
182 silly currentTree ├── gauge@2.7.4
182 silly currentTree ├── get-stdin@4.0.1
182 silly currentTree ├─┬ getpass@0.1.7
182 silly currentTree │ └── assert-plus@1.0.0
182 silly currentTree ├── glob@7.1.2
182 silly currentTree ├── graceful-fs@4.1.11
182 silly currentTree ├── har-schema@1.0.5
182 silly currentTree ├── har-validator@4.2.1
182 silly currentTree ├── has-unicode@2.0.1
182 silly currentTree ├── hawk@3.1.3
182 silly currentTree ├── hoek@2.16.3
182 silly currentTree ├── hosted-git-info@2.5.0
182 silly currentTree ├── http-signature@1.1.1
182 silly currentTree ├── iconv-lite@0.4.18
182 silly currentTree ├── indent-string@2.1.0
182 silly currentTree ├── inflight@1.0.6
182 silly currentTree ├── inherits@2.0.3
182 silly currentTree ├── is-arrayish@0.2.1
182 silly currentTree ├── is-buffer@1.1.5
182 silly currentTree ├── is-builtin-module@1.0.0
182 silly currentTree ├── is-finite@1.0.2
182 silly currentTree ├── is-fullwidth-code-point@1.0.0
182 silly currentTree ├── is-typedarray@1.0.0
182 silly currentTree ├── is-utf8@0.2.1
182 silly currentTree ├── isarray@1.0.0
182 silly currentTree ├── isexe@2.0.0
182 silly currentTree ├── isstream@0.1.2
182 silly currentTree ├── jsbn@0.1.1
182 silly currentTree ├── json-schema@0.2.3
182 silly currentTree ├── json-stable-stringify@1.0.1
182 silly currentTree ├── json-stringify-safe@5.0.1
182 silly currentTree ├── jsonify@0.0.0
182 silly currentTree ├─┬ jsprim@1.4.1
182 silly currentTree │ └── assert-plus@1.0.0
182 silly currentTree ├── jszip@2.6.1
182 silly currentTree ├── load-json-file@1.1.0
182 silly currentTree ├── lodash@3.3.0
182 silly currentTree ├── loud-rejection@1.6.0
182 silly currentTree ├── map-obj@1.0.1
182 silly currentTree ├── meow@3.7.0
182 silly currentTree ├── mime-db@1.29.0
182 silly currentTree ├── mime-types@2.1.16
182 silly currentTree ├── minimatch@3.0.4
182 silly currentTree ├── minimist@1.2.0
182 silly currentTree ├─┬ mkdirp@0.5.1
182 silly currentTree │ └── minimist@0.0.8
182 silly currentTree ├── ms@2.0.0
182 silly currentTree ├── nan@2.6.2
182 silly currentTree ├─┬ node-gyp@3.6.2
182 silly currentTree │ └── semver@5.3.0
182 silly currentTree ├── node-rsa@0.2.30
182 silly currentTree ├── node-uuid@1.4.8
182 silly currentTree ├── nopt@3.0.6
182 silly currentTree ├── normalize-package-data@2.4.0
182 silly currentTree ├── npm-debug.log
182 silly currentTree ├── npmlog@4.1.2
182 silly currentTree ├── number-is-nan@1.0.1
182 silly currentTree ├── oauth-sign@0.8.2
182 silly currentTree ├── object-assign@4.1.1
182 silly currentTree ├── once@1.4.0
182 silly currentTree ├── optimist@0.3.7
182 silly currentTree ├── os-homedir@1.0.2
182 silly currentTree ├── os-tmpdir@1.0.2
182 silly currentTree ├── osenv@0.1.4
182 silly currentTree ├── pako@1.0.5
182 silly currentTree ├── parse-json@2.2.0
182 silly currentTree ├── path-exists@2.1.0
182 silly currentTree ├── path-is-absolute@1.0.1
182 silly currentTree ├── path-type@1.1.0
182 silly currentTree ├── performance-now@0.2.0
182 silly currentTree ├── phone@1.0.11
182 silly currentTree ├── pify@2.3.0
182 silly currentTree ├── pinkie-promise@2.0.1
182 silly currentTree ├── pinkie@2.0.4
182 silly currentTree ├── process-nextick-args@1.0.7
182 silly currentTree ├── punycode@1.4.1
182 silly currentTree ├── qs@6.4.0
182 silly currentTree ├── read-chunk@1.0.1
182 silly currentTree ├── read-pkg-up@1.0.1
182 silly currentTree ├── read-pkg@1.1.0
182 silly currentTree ├── readable-stream@2.3.3
182 silly currentTree ├── rebuild@0.1.2
182 silly currentTree ├── redent@1.0.0
182 silly currentTree ├── repeating@2.0.1
182 silly currentTree ├─┬ request@2.81.0
182 silly currentTree │ └── uuid@3.1.0
182 silly currentTree ├── rimraf@2.6.1
182 silly currentTree ├── safe-buffer@5.1.1
182 silly currentTree ├── semver@5.4.1
182 silly currentTree ├── set-blocking@2.0.0
182 silly currentTree ├── signal-exit@3.0.2
182 silly currentTree ├── sntp@1.0.9
182 silly currentTree ├── spdx-correct@1.0.2
182 silly currentTree ├── spdx-expression-parse@1.0.4
182 silly currentTree ├── spdx-license-ids@1.2.2
182 silly currentTree ├─┬ sshpk@1.13.1
182 silly currentTree │ └── assert-plus@1.0.0
182 silly currentTree ├── string_decoder@1.0.3
182 silly currentTree ├── string-width@1.0.2
182 silly currentTree ├── stringstream@0.0.5
182 silly currentTree ├── strip-ansi@3.0.1
182 silly currentTree ├── strip-bom@2.0.0
182 silly currentTree ├── strip-indent@1.0.1
182 silly currentTree ├── tar@2.2.1
182 silly currentTree ├── tough-cookie@2.3.2
182 silly currentTree ├── trim-newlines@1.0.0
182 silly currentTree ├── tunnel-agent@0.6.0
182 silly currentTree ├── tweetnacl@0.14.5
182 silly currentTree ├── url-join@0.0.1
182 silly currentTree ├── util-deprecate@1.0.2
182 silly currentTree ├── validate-npm-package-license@3.0.1
182 silly currentTree ├─┬ verror@1.10.0
182 silly currentTree │ └── assert-plus@1.0.0
182 silly currentTree ├── which@1.3.0
182 silly currentTree ├── wide-align@1.1.2
182 silly currentTree ├── wordwrap@0.0.3
182 silly currentTree ├── wrappy@1.0.2
182 silly currentTree └── xtend@4.0.1
183 silly idealTree snap@1.0.0
183 silly idealTree ├── abbrev@1.1.0
183 silly idealTree ├── ajv@4.11.8
183 silly idealTree ├── ansi-regex@2.1.1
183 silly idealTree ├── aproba@1.1.2
183 silly idealTree ├── are-we-there-yet@1.1.4
183 silly idealTree ├── array-find-index@1.0.2
183 silly idealTree ├── asn1@0.2.3
183 silly idealTree ├── assert-plus@0.2.0
183 silly idealTree ├── async@1.5.2
183 silly idealTree ├── asynckit@0.4.0
183 silly idealTree ├── aws-sign2@0.6.0
183 silly idealTree ├── aws4@1.6.0
183 silly idealTree ├── balanced-match@1.0.0
183 silly idealTree ├── bcrypt-pbkdf@1.0.1
183 silly idealTree ├── bignum@0.11.0
183 silly idealTree ├── bindings@1.3.0
183 silly idealTree ├── block-stream@0.0.9
183 silly idealTree ├── bluebird@2.11.0
183 silly idealTree ├── boom@2.10.1
183 silly idealTree ├── brace-expansion@1.1.8
183 silly idealTree ├── builtin-modules@1.1.1
183 silly idealTree ├── camelcase-keys@2.1.0
183 silly idealTree ├── camelcase@2.1.1
183 silly idealTree ├── caseless@0.12.0
183 silly idealTree ├── co@4.6.0
183 silly idealTree ├── code-point-at@1.1.0
183 silly idealTree ├── combined-stream@1.0.5
183 silly idealTree ├── concat-map@0.0.1
183 silly idealTree ├── console-control-strings@1.1.0
183 silly idealTree ├── core-util-is@1.0.2
183 silly idealTree ├── cryptiles@2.0.5
183 silly idealTree ├── currently-unhandled@0.4.1
183 silly idealTree ├─┬ dashdash@1.14.1
183 silly idealTree │ └── assert-plus@1.0.0
183 silly idealTree ├── debug@2.6.8
183 silly idealTree ├── decamelize@1.2.0
183 silly idealTree ├── delayed-stream@1.0.0
183 silly idealTree ├── delegates@1.0.0
183 silly idealTree ├── ecc-jsbn@0.1.1
183 silly idealTree ├── enum@2.4.0
183 silly idealTree ├── error-ex@1.3.1
183 silly idealTree ├── extend@3.0.1
183 silly idealTree ├── extsprintf@1.3.0
183 silly idealTree ├── file-type@2.12.0
183 silly idealTree ├── find-up@1.1.2
183 silly idealTree ├── forever-agent@0.6.1
183 silly idealTree ├── form-data@2.1.4
183 silly idealTree ├── fs.realpath@1.0.0
183 silly idealTree ├── fstream@1.0.11
183 silly idealTree ├── gauge@2.7.4
183 silly idealTree ├── get-stdin@4.0.1
183 silly idealTree ├─┬ getpass@0.1.7
183 silly idealTree │ └── assert-plus@1.0.0
183 silly idealTree ├── glob@7.1.2
183 silly idealTree ├── graceful-fs@4.1.11
183 silly idealTree ├── har-schema@1.0.5
183 silly idealTree ├── har-validator@4.2.1
183 silly idealTree ├── has-unicode@2.0.1
183 silly idealTree ├── hawk@3.1.3
183 silly idealTree ├── hoek@2.16.3
183 silly idealTree ├── hosted-git-info@2.5.0
183 silly idealTree ├── http-signature@1.1.1
183 silly idealTree ├── iconv-lite@0.4.18
183 silly idealTree ├── indent-string@2.1.0
183 silly idealTree ├── inflight@1.0.6
183 silly idealTree ├── inherits@2.0.3
183 silly idealTree ├── is-arrayish@0.2.1
183 silly idealTree ├── is-buffer@1.1.5
183 silly idealTree ├── is-builtin-module@1.0.0
183 silly idealTree ├── is-finite@1.0.2
183 silly idealTree ├── is-fullwidth-code-point@1.0.0
183 silly idealTree ├── is-typedarray@1.0.0
183 silly idealTree ├── is-utf8@0.2.1
183 silly idealTree ├── isarray@1.0.0
183 silly idealTree ├── isexe@2.0.0
183 silly idealTree ├── isstream@0.1.2
183 silly idealTree ├── jsbn@0.1.1
183 silly idealTree ├── json-schema@0.2.3
183 silly idealTree ├── json-stable-stringify@1.0.1
183 silly idealTree ├── json-stringify-safe@5.0.1
183 silly idealTree ├── jsonify@0.0.0
183 silly idealTree ├─┬ jsprim@1.4.1
183 silly idealTree │ └── assert-plus@1.0.0
183 silly idealTree ├── jszip@2.6.1
183 silly idealTree ├── load-json-file@1.1.0
183 silly idealTree ├── lodash@3.3.0
183 silly idealTree ├── loud-rejection@1.6.0
183 silly idealTree ├── map-obj@1.0.1
183 silly idealTree ├── meow@3.7.0
183 silly idealTree ├── mime-db@1.29.0
183 silly idealTree ├── mime-types@2.1.16
183 silly idealTree ├── minimatch@3.0.4
183 silly idealTree ├── minimist@1.2.0
183 silly idealTree ├─┬ mkdirp@0.5.1
183 silly idealTree │ └── minimist@0.0.8
183 silly idealTree ├── ms@2.0.0
183 silly idealTree ├── nan@2.6.2
183 silly idealTree ├─┬ node-gyp@3.6.2
183 silly idealTree │ └── semver@5.3.0
183 silly idealTree ├── node-rsa@0.2.30
183 silly idealTree ├── node-uuid@1.4.8
183 silly idealTree ├── nopt@3.0.6
183 silly idealTree ├── normalize-package-data@2.4.0
183 silly idealTree ├── npm-debug.log
183 silly idealTree ├── npmlog@4.1.2
183 silly idealTree ├── number-is-nan@1.0.1
183 silly idealTree ├── oauth-sign@0.8.2
183 silly idealTree ├── object-assign@4.1.1
183 silly idealTree ├── once@1.4.0
183 silly idealTree ├── optimist@0.3.7
183 silly idealTree ├── os-homedir@1.0.2
183 silly idealTree ├── os-tmpdir@1.0.2
183 silly idealTree ├── osenv@0.1.4
183 silly idealTree ├── pako@1.0.5
183 silly idealTree ├── parse-json@2.2.0
183 silly idealTree ├── path-exists@2.1.0
183 silly idealTree ├── path-is-absolute@1.0.1
183 silly idealTree ├── path-type@1.1.0
183 silly idealTree ├── performance-now@0.2.0
183 silly idealTree ├── phone@1.0.11
183 silly idealTree ├── pify@2.3.0
183 silly idealTree ├── pinkie-promise@2.0.1
183 silly idealTree ├── pinkie@2.0.4
183 silly idealTree ├── process-nextick-args@1.0.7
183 silly idealTree ├── punycode@1.4.1
183 silly idealTree ├── qs@6.4.0
183 silly idealTree ├── read-chunk@1.0.1
183 silly idealTree ├── read-pkg-up@1.0.1
183 silly idealTree ├── read-pkg@1.1.0
183 silly idealTree ├── readable-stream@2.3.3
183 silly idealTree ├── rebuild@0.1.2
183 silly idealTree ├── redent@1.0.0
183 silly idealTree ├── repeating@2.0.1
183 silly idealTree ├─┬ request@2.81.0
183 silly idealTree │ └── uuid@3.1.0
183 silly idealTree ├── rimraf@2.6.1
183 silly idealTree ├── safe-buffer@5.1.1
183 silly idealTree ├── semver@5.4.1
183 silly idealTree ├── set-blocking@2.0.0
183 silly idealTree ├── signal-exit@3.0.2
183 silly idealTree ├── snapchat@2.0.2
183 silly idealTree ├── sntp@1.0.9
183 silly idealTree ├── spdx-correct@1.0.2
183 silly idealTree ├── spdx-expression-parse@1.0.4
183 silly idealTree ├── spdx-license-ids@1.2.2
183 silly idealTree ├─┬ sshpk@1.13.1
183 silly idealTree │ └── assert-plus@1.0.0
183 silly idealTree ├── string_decoder@1.0.3
183 silly idealTree ├── string-width@1.0.2
183 silly idealTree ├── stringstream@0.0.5
183 silly idealTree ├── strip-ansi@3.0.1
183 silly idealTree ├── strip-bom@2.0.0
183 silly idealTree ├── strip-indent@1.0.1
183 silly idealTree ├── tar@2.2.1
183 silly idealTree ├── tough-cookie@2.3.2
183 silly idealTree ├── trim-newlines@1.0.0
183 silly idealTree ├── tunnel-agent@0.6.0
183 silly idealTree ├── tweetnacl@0.14.5
183 silly idealTree ├── url-join@0.0.1
183 silly idealTree ├─┬ ursa@0.8.5
183 silly idealTree │ └── nan@1.9.0
183 silly idealTree ├── util-deprecate@1.0.2
183 silly idealTree ├── validate-npm-package-license@3.0.1
183 silly idealTree ├─┬ verror@1.10.0
183 silly idealTree │ └── assert-plus@1.0.0
183 silly idealTree ├── which@1.3.0
183 silly idealTree ├── wide-align@1.1.2
183 silly idealTree ├── wordwrap@0.0.3
183 silly idealTree ├── wrappy@1.0.2
183 silly idealTree └── xtend@4.0.1
184 silly generateActionsToTake Starting
185 silly install generateActionsToTake
186 silly generateActionsToTake Finishing
187 silly diffTrees action count 4
188 silly diffTrees add bindings@1.3.0
189 silly diffTrees add nan@1.9.0
190 silly diffTrees add ursa@0.8.5
191 silly diffTrees add snapchat@2.0.2
192 silly decomposeActions action count 32
193 silly decomposeActions fetch bindings@1.3.0
194 silly decomposeActions extract bindings@1.3.0
195 silly decomposeActions test bindings@1.3.0
196 silly decomposeActions preinstall bindings@1.3.0
197 silly decomposeActions build bindings@1.3.0
198 silly decomposeActions install bindings@1.3.0
199 silly decomposeActions postinstall bindings@1.3.0
200 silly decomposeActions finalize bindings@1.3.0
201 silly decomposeActions fetch nan@1.9.0
202 silly decomposeActions extract nan@1.9.0
203 silly decomposeActions test nan@1.9.0
204 silly decomposeActions preinstall nan@1.9.0
205 silly decomposeActions build nan@1.9.0
206 silly decomposeActions install nan@1.9.0
207 silly decomposeActions postinstall nan@1.9.0
208 silly decomposeActions finalize nan@1.9.0
209 silly decomposeActions fetch ursa@0.8.5
210 silly decomposeActions extract ursa@0.8.5
211 silly decomposeActions test ursa@0.8.5
212 silly decomposeActions preinstall ursa@0.8.5
213 silly decomposeActions build ursa@0.8.5
214 silly decomposeActions install ursa@0.8.5
215 silly decomposeActions postinstall ursa@0.8.5
216 silly decomposeActions finalize ursa@0.8.5
217 silly decomposeActions fetch snapchat@2.0.2
218 silly decomposeActions extract snapchat@2.0.2
219 silly decomposeActions test snapchat@2.0.2
220 silly decomposeActions preinstall snapchat@2.0.2
221 silly decomposeActions build snapchat@2.0.2
222 silly decomposeActions install snapchat@2.0.2
223 silly decomposeActions postinstall snapchat@2.0.2
224 silly decomposeActions finalize snapchat@2.0.2
225 silly runTopLevelLifecycles Starting
226 silly executeActions Starting
227 silly install executeActions
228 silly doSerial global-install 0
229 silly doParallel fetch 4
230 verbose correctMkdir /Users/jamesbaker/.npm/_locks correctMkdir not in flight; initializing
231 verbose lock using /Users/jamesbaker/.npm/_locks/staging-62c1d97f34ef4694.lock for /Users/jamesbaker/Desktop/nodetoad/snap/node_modules/.staging
232 silly doParallel extract 4
233 silly extract bindings@1.3.0
234 silly extract nan@1.9.0
235 silly extract ursa@0.8.5
236 silly extract snapchat@2.0.2
237 verbose unbuild node_modules/.staging/bindings-bf7bfae2
238 verbose unbuild node_modules/.staging/nan-fc942b9f
239 verbose unbuild node_modules/.staging/ursa-fd6f3843
240 verbose unbuild node_modules/.staging/snapchat-968db5a1
241 silly gentlyRm /Users/jamesbaker/Desktop/nodetoad/snap/node_modules/.staging/bindings-bf7bfae2 is being purged from base /Users/jamesbaker/Desktop/nodetoad/snap
242 verbose gentlyRm don't care about contents; nuking /Users/jamesbaker/Desktop/nodetoad/snap/node_modules/.staging/bindings-bf7bfae2
243 silly gentlyRm /Users/jamesbaker/Desktop/nodetoad/snap/node_modules/.staging/nan-fc942b9f is being purged from base /Users/jamesbaker/Desktop/nodetoad/snap
244 verbose gentlyRm don't care about contents; nuking /Users/jamesbaker/Desktop/nodetoad/snap/node_modules/.staging/nan-fc942b9f
245 silly gentlyRm /Users/jamesbaker/Desktop/nodetoad/snap/node_modules/.staging/ursa-fd6f3843 is being purged from base /Users/jamesbaker/Desktop/nodetoad/snap
246 verbose gentlyRm don't care about contents; nuking /Users/jamesbaker/Desktop/nodetoad/snap/node_modules/.staging/ursa-fd6f3843
247 silly gentlyRm /Users/jamesbaker/Desktop/nodetoad/snap/node_modules/.staging/snapchat-968db5a1 is being purged from base /Users/jamesbaker/Desktop/nodetoad/snap
248 verbose gentlyRm don't care about contents; nuking /Users/jamesbaker/Desktop/nodetoad/snap/node_modules/.staging/snapchat-968db5a1
249 verbose tar unpack /Users/jamesbaker/.npm/bindings/1.3.0/package.tgz
250 verbose tar unpacking to /Users/jamesbaker/Desktop/nodetoad/snap/node_modules/.staging/bindings-bf7bfae2
251 silly gentlyRm /Users/jamesbaker/Desktop/nodetoad/snap/node_modules/.staging/bindings-bf7bfae2 is being purged
252 verbose gentlyRm don't care about contents; nuking /Users/jamesbaker/Desktop/nodetoad/snap/node_modules/.staging/bindings-bf7bfae2
253 verbose tar unpack /Users/jamesbaker/.npm/nan/1.9.0/package.tgz
254 verbose tar unpacking to /Users/jamesbaker/Desktop/nodetoad/snap/node_modules/.staging/nan-fc942b9f
255 silly gentlyRm /Users/jamesbaker/Desktop/nodetoad/snap/node_modules/.staging/nan-fc942b9f is being purged
256 verbose gentlyRm don't care about contents; nuking /Users/jamesbaker/Desktop/nodetoad/snap/node_modules/.staging/nan-fc942b9f
257 verbose tar unpack /Users/jamesbaker/.npm/ursa/0.8.5/package.tgz
258 verbose tar unpacking to /Users/jamesbaker/Desktop/nodetoad/snap/node_modules/.staging/ursa-fd6f3843
259 silly gentlyRm /Users/jamesbaker/Desktop/nodetoad/snap/node_modules/.staging/ursa-fd6f3843 is being purged
260 verbose gentlyRm don't care about contents; nuking /Users/jamesbaker/Desktop/nodetoad/snap/node_modules/.staging/ursa-fd6f3843
261 verbose tar unpack /Users/jamesbaker/.npm/snapchat/2.0.2/package.tgz
262 verbose tar unpacking to /Users/jamesbaker/Desktop/nodetoad/snap/node_modules/.staging/snapchat-968db5a1
263 silly gentlyRm /Users/jamesbaker/Desktop/nodetoad/snap/node_modules/.staging/snapchat-968db5a1 is being purged
264 verbose gentlyRm don't care about contents; nuking /Users/jamesbaker/Desktop/nodetoad/snap/node_modules/.staging/snapchat-968db5a1
265 silly gunzTarPerm modes [ '755', '644' ]
266 silly gunzTarPerm modes [ '755', '644' ]
267 silly gunzTarPerm modes [ '755', '644' ]
268 silly gunzTarPerm modes [ '755', '644' ]
269 silly gunzTarPerm extractEntry package.json
270 silly gunzTarPerm extractEntry package.json
271 silly gunzTarPerm modified mode [ 'package.json', 436, 420 ]
272 silly gunzTarPerm extractEntry package.json
273 silly gunzTarPerm extractEntry package.json
274 silly gunzTarPerm extractEntry README.md
275 silly gunzTarPerm extractEntry bindings.js
276 silly gunzTarPerm extractEntry README.md
277 silly gunzTarPerm modified mode [ 'README.md', 436, 420 ]
278 silly gunzTarPerm extractEntry include_dirs.js
279 silly gunzTarPerm modified mode [ 'include_dirs.js', 436, 420 ]
280 silly gunzTarPerm extractEntry .npmignore
281 silly gunzTarPerm extractEntry README.md
282 silly gunzTarPerm extractEntry .npmignore
283 silly gunzTarPerm extractEntry README.md
284 silly gunzTarPerm extractEntry binding.gyp
285 silly gunzTarPerm extractEntry LICENSE
286 silly gunzTarPerm extractEntry gulpfile.js
287 silly gunzTarPerm extractEntry LICENSE.md
288 silly gunzTarPerm modified mode [ 'LICENSE.md', 436, 420 ]
289 silly gunzTarPerm extractEntry .dntrc
290 silly gunzTarPerm modified mode [ '.dntrc', 436, 420 ]
291 silly gunzTarPerm extractEntry appveyor.yml
292 silly gunzTarPerm modified mode [ 'appveyor.yml', 436, 420 ]
293 silly gunzTarPerm extractEntry nan.h
294 silly gunzTarPerm modified mode [ 'nan.h', 436, 420 ]
295 silly gunzTarPerm extractEntry nan_implementation_12_inl.h
296 silly gunzTarPerm modified mode [ 'nan_implementation_12_inl.h', 436, 420 ]
297 silly gunzTarPerm extractEntry index.js
298 silly gunzTarPerm extractEntry .travis.yml
299 silly gunzTarPerm extractEntry lib/ursa.js
300 silly gunzTarPerm extractEntry src/asprintf.cc
301 silly gunzTarPerm extractEntry snapchat.min.js
302 silly gunzTarPerm extractEntry src/asprintf.h
303 silly gunzTarPerm extractEntry nan_implementation_pre_12_inl.h
304 silly gunzTarPerm modified mode [ 'nan_implementation_pre_12_inl.h', 436, 420 ]
305 silly gunzTarPerm extractEntry nan_new.h
306 silly gunzTarPerm modified mode [ 'nan_new.h', 436, 420 ]
307 silly gunzTarPerm extractEntry src/ursaNative.cc
308 silly gunzTarPerm extractEntry src/ursaNative.h
309 silly gunzTarPerm extractEntry nan_string_bytes.h
310 silly gunzTarPerm modified mode [ 'nan_string_bytes.h', 436, 420 ]
311 silly gunzTarPerm extractEntry CHANGELOG.md
312 silly gunzTarPerm modified mode [ 'CHANGELOG.md', 436, 420 ]
313 silly gunzTarPerm extractEntry LICENSE.txt
314 silly gunzTarPerm extractEntry test/fixture.js
315 silly gunzTarPerm extractEntry tools/node_modules/commander/package.json
316 silly gunzTarPerm modified mode [ 'tools/node_modules/commander/package.json', 436, 420 ]
317 silly gunzTarPerm extractEntry tools/node_modules/commander/LICENSE
318 silly gunzTarPerm modified mode [ 'tools/node_modules/commander/LICENSE', 436, 420 ]
319 silly gentlyRm /Users/jamesbaker/Desktop/nodetoad/snap/node_modules/.staging/bindings-bf7bfae2/node_modules is being purged
320 verbose gentlyRm don't care about contents; nuking /Users/jamesbaker/Desktop/nodetoad/snap/node_modules/.staging/bindings-bf7bfae2/node_modules
321 silly gunzTarPerm extractEntry test/native.js
322 silly gunzTarPerm extractEntry test/test.js
323 silly gunzTarPerm extractEntry test/blort.pub
324 silly gunzTarPerm extractEntry test/blort.sshpub
325 silly gunzTarPerm extractEntry tools/node_modules/commander/index.js
326 silly gunzTarPerm modified mode [ 'tools/node_modules/commander/index.js', 436, 420 ]
327 silly gunzTarPerm extractEntry tools/node_modules/commander/History.md
328 silly gunzTarPerm modified mode [ 'tools/node_modules/commander/History.md', 436, 420 ]
329 silly gunzTarPerm extractEntry test/blort-pass.pem
330 silly gunzTarPerm extractEntry test/another_zorch.pem
331 silly gunzTarPerm extractEntry tools/node_modules/commander/Readme.md
332 silly gunzTarPerm modified mode [ 'tools/node_modules/commander/Readme.md', 436, 420 ]
333 silly gunzTarPerm extractEntry tools/node_modules/commander/node_modules/graceful-readlink/package.json
334 silly gunzTarPerm modified mode [ 'tools/node_modules/commander/node_modules/graceful-readlink/package.json',
334 silly gunzTarPerm   436,
334 silly gunzTarPerm   420 ]
335 silly gunzTarPerm extractEntry tools/node_modules/commander/node_modules/graceful-readlink/.npmignore
336 silly gunzTarPerm modified mode [ 'tools/node_modules/commander/node_modules/graceful-readlink/.npmignore',
336 silly gunzTarPerm   436,
336 silly gunzTarPerm   420 ]
337 silly gunzTarPerm extractEntry tools/node_modules/commander/node_modules/graceful-readlink/README.md
338 silly gunzTarPerm modified mode [ 'tools/node_modules/commander/node_modules/graceful-readlink/README.md',
338 silly gunzTarPerm   436,
338 silly gunzTarPerm   420 ]
339 silly gunzTarPerm extractEntry tools/node_modules/commander/node_modules/graceful-readlink/LICENSE
340 silly gunzTarPerm modified mode [ 'tools/node_modules/commander/node_modules/graceful-readlink/LICENSE',
340 silly gunzTarPerm   436,
340 silly gunzTarPerm   420 ]
341 silly gunzTarPerm extractEntry tools/node_modules/commander/node_modules/graceful-readlink/index.js
342 silly gunzTarPerm modified mode [ 'tools/node_modules/commander/node_modules/graceful-readlink/index.js',
342 silly gunzTarPerm   436,
342 silly gunzTarPerm   420 ]
343 silly gunzTarPerm extractEntry tools/node_modules/commander/node_modules/graceful-readlink/.travis.yml
344 silly gunzTarPerm modified mode [ 'tools/node_modules/commander/node_modules/graceful-readlink/.travis.yml',
344 silly gunzTarPerm   436,
344 silly gunzTarPerm   420 ]
345 silly gunzTarPerm extractEntry test/pss_tv.pub
346 silly gunzTarPerm extractEntry test/blort.pem
347 silly gunzTarPerm extractEntry tools/node_modules/glob/package.json
348 silly gunzTarPerm modified mode [ 'tools/node_modules/glob/package.json', 436, 420 ]
349 silly gunzTarPerm extractEntry tools/node_modules/glob/README.md
350 silly gunzTarPerm modified mode [ 'tools/node_modules/glob/README.md', 436, 420 ]
351 silly gunzTarPerm extractEntry test/zorch.pem
352 silly gunzTarPerm extractEntry test/zorch.pub
353 silly gunzTarPerm extractEntry .jsdoc.json
354 silly gunzTarPerm extractEntry .jshintrc
355 silly gunzTarPerm extractEntry CONTRIBUTING.md
356 silly gunzTarPerm extractEntry lib/buffer-utils.js
357 silly gunzTarPerm extractEntry tools/node_modules/glob/LICENSE
358 silly gunzTarPerm modified mode [ 'tools/node_modules/glob/LICENSE', 436, 420 ]
359 silly gunzTarPerm extractEntry tools/node_modules/glob/common.js
360 silly gunzTarPerm modified mode [ 'tools/node_modules/glob/common.js', 436, 420 ]
361 silly gunzTarPerm extractEntry lib/constants.js
362 silly gunzTarPerm extractEntry lib/request.js
363 silly gunzTarPerm extractEntry lib/string-utils.js
364 silly gunzTarPerm extractEntry models/blob.js
365 silly gunzTarPerm extractEntry tools/node_modules/glob/glob.js
366 silly gunzTarPerm modified mode [ 'tools/node_modules/glob/glob.js', 436, 420 ]
367 silly gunzTarPerm extractEntry tools/node_modules/glob/sync.js
368 silly gunzTarPerm modified mode [ 'tools/node_modules/glob/sync.js', 436, 420 ]
369 silly gunzTarPerm extractEntry models/message.js
370 silly gunzTarPerm extractEntry models/nearby-user.js
371 silly gunzTarPerm extractEntry models/session.js
372 silly gunzTarPerm extractEntry models/shared-story-description.js
373 silly gunzTarPerm extractEntry models/location.js
374 silly gunzTarPerm extractEntry tools/node_modules/glob/node_modules/inflight/package.json
375 silly gunzTarPerm modified mode [ 'tools/node_modules/glob/node_modules/inflight/package.json',
375 silly gunzTarPerm   436,
375 silly gunzTarPerm   420 ]
376 silly gunzTarPerm extractEntry models/snap.js
377 silly gunzTarPerm extractEntry models/story-collection.js
378 silly gunzTarPerm extractEntry models/story-note.js
379 silly gunzTarPerm extractEntry models/story-options.js
380 silly gunzTarPerm extractEntry tools/node_modules/glob/node_modules/inflight/README.md
381 silly gunzTarPerm modified mode [ 'tools/node_modules/glob/node_modules/inflight/README.md',
381 silly gunzTarPerm   436,
381 silly gunzTarPerm   420 ]
382 silly gunzTarPerm extractEntry tools/node_modules/glob/node_modules/inflight/LICENSE
383 silly gunzTarPerm modified mode [ 'tools/node_modules/glob/node_modules/inflight/LICENSE',
383 silly gunzTarPerm   436,
383 silly gunzTarPerm   420 ]
384 silly gunzTarPerm extractEntry models/story-updater.js
385 silly gunzTarPerm extractEntry models/found-friend.js
386 silly gunzTarPerm extractEntry models/story.js
387 silly gunzTarPerm extractEntry models/filter.js
388 silly gunzTarPerm extractEntry models/transaction.js
389 silly gunzTarPerm extractEntry models/conversation.js
390 silly gunzTarPerm extractEntry tools/node_modules/glob/node_modules/inflight/inflight.js
391 silly gunzTarPerm modified mode [ 'tools/node_modules/glob/node_modules/inflight/inflight.js',
391 silly gunzTarPerm   436,
391 silly gunzTarPerm   420 ]
392 silly gunzTarPerm extractEntry tools/node_modules/glob/node_modules/inflight/test.js
393 silly gunzTarPerm modified mode [ 'tools/node_modules/glob/node_modules/inflight/test.js',
393 silly gunzTarPerm   436,
393 silly gunzTarPerm   420 ]
394 silly gunzTarPerm extractEntry models/user-story.js
395 silly gunzTarPerm extractEntry models/cash-transaction.js
396 silly gunzTarPerm extractEntry models/user.js
397 silly gunzTarPerm extractEntry models/snap-options.js
398 silly gunzTarPerm extractEntry routes/account.js
399 silly gunzTarPerm extractEntry routes/chat.js
400 silly gunzTarPerm extractEntry routes/device.js
401 silly gunzTarPerm extractEntry tools/node_modules/glob/node_modules/inflight/.eslintrc
402 silly gunzTarPerm modified mode [ 'tools/node_modules/glob/node_modules/inflight/.eslintrc',
402 silly gunzTarPerm   436,
402 silly gunzTarPerm   420 ]
403 silly gunzTarPerm extractEntry tools/node_modules/glob/node_modules/inflight/node_modules/wrappy/package.json
404 silly gunzTarPerm modified mode [ 'tools/node_modules/glob/node_modules/inflight/node_modules/wrappy/package.json',
404 silly gunzTarPerm   436,
404 silly gunzTarPerm   420 ]
405 silly gunzTarPerm extractEntry routes/friends.js
406 silly gunzTarPerm extractEntry routes/snaps.js
407 silly gunzTarPerm extractEntry routes/stories.js
408 silly gunzTarPerm extractEntry test/account.js
409 silly gunzTarPerm extractEntry tools/node_modules/glob/node_modules/inflight/node_modules/wrappy/README.md
410 silly gunzTarPerm modified mode [ 'tools/node_modules/glob/node_modules/inflight/node_modules/wrappy/README.md',
410 silly gunzTarPerm   436,
410 silly gunzTarPerm   420 ]
411 silly gunzTarPerm extractEntry tools/node_modules/glob/node_modules/inflight/node_modules/wrappy/LICENSE
412 silly gunzTarPerm modified mode [ 'tools/node_modules/glob/node_modules/inflight/node_modules/wrappy/LICENSE',
412 silly gunzTarPerm   436,
412 silly gunzTarPerm   420 ]
413 silly gunzTarPerm extractEntry tools/node_modules/glob/node_modules/inflight/node_modules/wrappy/wrappy.js
414 silly gunzTarPerm modified mode [ 'tools/node_modules/glob/node_modules/inflight/node_modules/wrappy/wrappy.js',
414 silly gunzTarPerm   436,
414 silly gunzTarPerm   420 ]
415 silly gunzTarPerm extractEntry test/auth.js
416 silly gunzTarPerm extractEntry tools/node_modules/glob/node_modules/inflight/node_modules/wrappy/test/basic.js
417 silly gunzTarPerm modified mode [ 'tools/node_modules/glob/node_modules/inflight/node_modules/wrappy/test/basic.js',
417 silly gunzTarPerm   436,
417 silly gunzTarPerm   420 ]
418 silly gunzTarPerm extractEntry test/blob.js
419 silly gunzTarPerm extractEntry test/chat.js
420 silly gunzTarPerm extractEntry test/client.js
421 silly gunzTarPerm extractEntry test/friends.js
422 silly gunzTarPerm extractEntry test/request.js
423 silly gunzTarPerm extractEntry tools/node_modules/glob/node_modules/inherits/package.json
424 silly gunzTarPerm modified mode [ 'tools/node_modules/glob/node_modules/inherits/package.json',
424 silly gunzTarPerm   436,
424 silly gunzTarPerm   420 ]
425 silly gunzTarPerm extractEntry tools/node_modules/glob/node_modules/inherits/README.md
426 silly gunzTarPerm modified mode [ 'tools/node_modules/glob/node_modules/inherits/README.md',
426 silly gunzTarPerm   436,
426 silly gunzTarPerm   420 ]
427 silly gunzTarPerm extractEntry test/snaps.js
428 silly gunzTarPerm extractEntry test/string-utils.js
429 silly gunzTarPerm extractEntry test/data/out.mp4
430 silly gunzTarPerm extractEntry tools/node_modules/glob/node_modules/inherits/LICENSE
431 silly gunzTarPerm modified mode [ 'tools/node_modules/glob/node_modules/inherits/LICENSE',
431 silly gunzTarPerm   436,
431 silly gunzTarPerm   420 ]
432 silly gunzTarPerm extractEntry tools/node_modules/glob/node_modules/inherits/inherits.js
433 silly gunzTarPerm modified mode [ 'tools/node_modules/glob/node_modules/inherits/inherits.js',
433 silly gunzTarPerm   436,
433 silly gunzTarPerm   420 ]
434 silly gunzTarPerm extractEntry test/data/out1.jpg
435 silly gunzTarPerm extractEntry tools/node_modules/glob/node_modules/inherits/inherits_browser.js
436 silly gunzTarPerm modified mode [ 'tools/node_modules/glob/node_modules/inherits/inherits_browser.js',
436 silly gunzTarPerm   436,
436 silly gunzTarPerm   420 ]
437 silly gunzTarPerm extractEntry tools/node_modules/glob/node_modules/inherits/test.js
438 silly gunzTarPerm modified mode [ 'tools/node_modules/glob/node_modules/inherits/test.js',
438 silly gunzTarPerm   436,
438 silly gunzTarPerm   420 ]
439 silly gunzTarPerm extractEntry test/data/out2.jpg
440 silly gunzTarPerm extractEntry tools/node_modules/glob/node_modules/minimatch/package.json
441 silly gunzTarPerm modified mode [ 'tools/node_modules/glob/node_modules/minimatch/package.json',
441 silly gunzTarPerm   436,
441 silly gunzTarPerm   420 ]
442 silly gunzTarPerm extractEntry tools/node_modules/glob/node_modules/minimatch/README.md
443 silly gunzTarPerm modified mode [ 'tools/node_modules/glob/node_modules/minimatch/README.md',
443 silly gunzTarPerm   436,
443 silly gunzTarPerm   420 ]
444 silly gunzTarPerm extractEntry tools/node_modules/glob/node_modules/minimatch/LICENSE
445 silly gunzTarPerm modified mode [ 'tools/node_modules/glob/node_modules/minimatch/LICENSE',
445 silly gunzTarPerm   436,
445 silly gunzTarPerm   420 ]
446 silly gunzTarPerm extractEntry tools/node_modules/glob/node_modules/minimatch/browser.js
447 silly gunzTarPerm modified mode [ 'tools/node_modules/glob/node_modules/minimatch/browser.js',
447 silly gunzTarPerm   436,
447 silly gunzTarPerm   420 ]
448 silly gunzTarPerm extractEntry tools/node_modules/glob/node_modules/minimatch/minimatch.js
449 silly gunzTarPerm modified mode [ 'tools/node_modules/glob/node_modules/minimatch/minimatch.js',
449 silly gunzTarPerm   436,
449 silly gunzTarPerm   420 ]
450 silly gunzTarPerm extractEntry tools/node_modules/glob/node_modules/minimatch/node_modules/brace-expansion/package.json
451 silly gunzTarPerm modified mode [ 'tools/node_modules/glob/node_modules/minimatch/node_modules/brace-expansion/package.json',
451 silly gunzTarPerm   436,
451 silly gunzTarPerm   420 ]
452 silly gunzTarPerm extractEntry tools/node_modules/glob/node_modules/minimatch/node_modules/brace-expansion/.npmignore
453 silly gunzTarPerm modified mode [ 'tools/node_modules/glob/node_modules/minimatch/node_modules/brace-expansion/.npmignore',
453 silly gunzTarPerm   436,
453 silly gunzTarPerm   420 ]
454 silly gunzTarPerm extractEntry tools/node_modules/glob/node_modules/minimatch/node_modules/brace-expansion/README.md
455 silly gunzTarPerm modified mode [ 'tools/node_modules/glob/node_modules/minimatch/node_modules/brace-expansion/README.md',
455 silly gunzTarPerm   436,
455 silly gunzTarPerm   420 ]
456 silly gentlyRm /Users/jamesbaker/Desktop/nodetoad/snap/node_modules/.staging/ursa-fd6f3843/node_modules is being purged
457 verbose gentlyRm don't care about contents; nuking /Users/jamesbaker/Desktop/nodetoad/snap/node_modules/.staging/ursa-fd6f3843/node_modules
458 silly gunzTarPerm extractEntry tools/node_modules/glob/node_modules/minimatch/node_modules/brace-expansion/example.js
459 silly gunzTarPerm modified mode [ 'tools/node_modules/glob/node_modules/minimatch/node_modules/brace-expansion/example.js',
459 silly gunzTarPerm   436,
459 silly gunzTarPerm   420 ]
460 silly gunzTarPerm extractEntry tools/node_modules/glob/node_modules/minimatch/node_modules/brace-expansion/index.js
461 silly gunzTarPerm modified mode [ 'tools/node_modules/glob/node_modules/minimatch/node_modules/brace-expansion/index.js',
461 silly gunzTarPerm   436,
461 silly gunzTarPerm   420 ]
462 silly gunzTarPerm extractEntry tools/node_modules/glob/node_modules/minimatch/node_modules/brace-expansion/.travis.yml
463 silly gunzTarPerm modified mode [ 'tools/node_modules/glob/node_modules/minimatch/node_modules/brace-expansion/.travis.yml',
463 silly gunzTarPerm   436,
463 silly gunzTarPerm   420 ]
464 silly gunzTarPerm extractEntry tools/node_modules/glob/node_modules/minimatch/node_modules/brace-expansion/test/bash-comparison.js
465 silly gunzTarPerm modified mode [ 'tools/node_modules/glob/node_modules/minimatch/node_modules/brace-expansion/test/bash-comparison.js',
465 silly gunzTarPerm   436,
465 silly gunzTarPerm   420 ]
466 silly gunzTarPerm extractEntry tools/node_modules/glob/node_modules/minimatch/node_modules/brace-expansion/test/same-type.js
467 silly gunzTarPerm modified mode [ 'tools/node_modules/glob/node_modules/minimatch/node_modules/brace-expansion/test/same-type.js',
467 silly gunzTarPerm   436,
467 silly gunzTarPerm   420 ]
468 silly gunzTarPerm extractEntry tools/node_modules/glob/node_modules/minimatch/node_modules/brace-expansion/test/dollar.js
469 silly gunzTarPerm modified mode [ 'tools/node_modules/glob/node_modules/minimatch/node_modules/brace-expansion/test/dollar.js',
469 silly gunzTarPerm   436,
469 silly gunzTarPerm   420 ]
470 silly gunzTarPerm extractEntry tools/node_modules/glob/node_modules/minimatch/node_modules/brace-expansion/test/empty-option.js
471 silly gunzTarPerm modified mode [ 'tools/node_modules/glob/node_modules/minimatch/node_modules/brace-expansion/test/empty-option.js',
471 silly gunzTarPerm   436,
471 silly gunzTarPerm   420 ]
472 silly gunzTarPerm extractEntry tools/node_modules/glob/node_modules/minimatch/node_modules/brace-expansion/test/pad.js
473 silly gunzTarPerm modified mode [ 'tools/node_modules/glob/node_modules/minimatch/node_modules/brace-expansion/test/pad.js',
473 silly gunzTarPerm   436,
473 silly gunzTarPerm   420 ]
474 silly gunzTarPerm extractEntry tools/node_modules/glob/node_modules/minimatch/node_modules/brace-expansion/test/order.js
475 silly gunzTarPerm modified mode [ 'tools/node_modules/glob/node_modules/minimatch/node_modules/brace-expansion/test/order.js',
475 silly gunzTarPerm   436,
475 silly gunzTarPerm   420 ]
476 silly gunzTarPerm extractEntry tools/node_modules/glob/node_modules/minimatch/node_modules/brace-expansion/test/nested.js
477 silly gunzTarPerm modified mode [ 'tools/node_modules/glob/node_modules/minimatch/node_modules/brace-expansion/test/nested.js',
477 silly gunzTarPerm   436,
477 silly gunzTarPerm   420 ]
478 silly gunzTarPerm extractEntry tools/node_modules/glob/node_modules/minimatch/node_modules/brace-expansion/test/sequence.js
479 silly gunzTarPerm modified mode [ 'tools/node_modules/glob/node_modules/minimatch/node_modules/brace-expansion/test/sequence.js',
479 silly gunzTarPerm   436,
479 silly gunzTarPerm   420 ]
480 silly gunzTarPerm extractEntry tools/node_modules/glob/node_modules/minimatch/node_modules/brace-expansion/test/negative-increment.js
481 silly gunzTarPerm modified mode [ 'tools/node_modules/glob/node_modules/minimatch/node_modules/brace-expansion/test/negative-increment.js',
481 silly gunzTarPerm   436,
481 silly gunzTarPerm   420 ]
482 silly gunzTarPerm extractEntry tools/node_modules/glob/node_modules/minimatch/node_modules/brace-expansion/test/bash-results.txt
483 silly gunzTarPerm modified mode [ 'tools/node_modules/glob/node_modules/minimatch/node_modules/brace-expansion/test/bash-results.txt',
483 silly gunzTarPerm   436,
483 silly gunzTarPerm   420 ]
484 silly gunzTarPerm extractEntry tools/node_modules/glob/node_modules/minimatch/node_modules/brace-expansion/test/generate.sh
485 silly gunzTarPerm modified mode [ 'tools/node_modules/glob/node_modules/minimatch/node_modules/brace-expansion/test/generate.sh',
485 silly gunzTarPerm   436,
485 silly gunzTarPerm   420 ]
486 silly gunzTarPerm extractEntry tools/node_modules/glob/node_modules/minimatch/node_modules/brace-expansion/test/cases.txt
487 silly gunzTarPerm modified mode [ 'tools/node_modules/glob/node_modules/minimatch/node_modules/brace-expansion/test/cases.txt',
487 silly gunzTarPerm   436,
487 silly gunzTarPerm   420 ]
488 silly gunzTarPerm extractEntry tools/node_modules/glob/node_modules/minimatch/node_modules/brace-expansion/node_modules/balanced-match/package.json
489 silly gunzTarPerm modified mode [ 'tools/node_modules/glob/node_modules/minimatch/node_modules/brace-expansion/node_modules/balanced-match/package.json',
489 silly gunzTarPerm   436,
489 silly gunzTarPerm   420 ]
490 silly gunzTarPerm extractEntry tools/node_modules/glob/node_modules/minimatch/node_modules/brace-expansion/node_modules/balanced-match/.npmignore
491 silly gunzTarPerm modified mode [ 'tools/node_modules/glob/node_modules/minimatch/node_modules/brace-expansion/node_modules/balanced-match/.npmignore',
491 silly gunzTarPerm   436,
491 silly gunzTarPerm   420 ]
492 silly gunzTarPerm extractEntry tools/node_modules/glob/node_modules/minimatch/node_modules/brace-expansion/node_modules/balanced-match/README.md
493 silly gunzTarPerm modified mode [ 'tools/node_modules/glob/node_modules/minimatch/node_modules/brace-expansion/node_modules/balanced-match/README.md',
493 silly gunzTarPerm   436,
493 silly gunzTarPerm   420 ]
494 silly gunzTarPerm extractEntry tools/node_modules/glob/node_modules/minimatch/node_modules/brace-expansion/node_modules/balanced-match/example.js
495 silly gunzTarPerm modified mode [ 'tools/node_modules/glob/node_modules/minimatch/node_modules/brace-expansion/node_modules/balanced-match/example.js',
495 silly gunzTarPerm   436,
495 silly gunzTarPerm   420 ]
496 silly gunzTarPerm extractEntry tools/node_modules/glob/node_modules/minimatch/node_modules/brace-expansion/node_modules/balanced-match/index.js
497 silly gunzTarPerm modified mode [ 'tools/node_modules/glob/node_modules/minimatch/node_modules/brace-expansion/node_modules/balanced-match/index.js',
497 silly gunzTarPerm   436,
497 silly gunzTarPerm   420 ]
498 silly gunzTarPerm extractEntry tools/node_modules/glob/node_modules/minimatch/node_modules/brace-expansion/node_modules/balanced-match/.travis.yml
499 silly gunzTarPerm modified mode [ 'tools/node_modules/glob/node_modules/minimatch/node_modules/brace-expansion/node_modules/balanced-match/.travis.yml',
499 silly gunzTarPerm   436,
499 silly gunzTarPerm   420 ]
500 silly gunzTarPerm extractEntry tools/node_modules/glob/node_modules/minimatch/node_modules/brace-expansion/node_modules/balanced-match/Makefile
501 silly gunzTarPerm modified mode [ 'tools/node_modules/glob/node_modules/minimatch/node_modules/brace-expansion/node_modules/balanced-match/Makefile',
501 silly gunzTarPerm   436,
501 silly gunzTarPerm   420 ]
502 silly gunzTarPerm extractEntry tools/node_modules/glob/node_modules/minimatch/node_modules/brace-expansion/node_modules/balanced-match/test/balanced.js
503 silly gunzTarPerm modified mode [ 'tools/node_modules/glob/node_modules/minimatch/node_modules/brace-expansion/node_modules/balanced-match/test/balanced.js',
503 silly gunzTarPerm   436,
503 silly gunzTarPerm   420 ]
504 silly gunzTarPerm extractEntry tools/node_modules/glob/node_modules/minimatch/node_modules/brace-expansion/node_modules/concat-map/package.json
505 silly gunzTarPerm modified mode [ 'tools/node_modules/glob/node_modules/minimatch/node_modules/brace-expansion/node_modules/concat-map/package.json',
505 silly gunzTarPerm   436,
505 silly gunzTarPerm   420 ]
506 silly gunzTarPerm extractEntry tools/node_modules/glob/node_modules/minimatch/node_modules/brace-expansion/node_modules/concat-map/LICENSE
507 silly gunzTarPerm modified mode [ 'tools/node_modules/glob/node_modules/minimatch/node_modules/brace-expansion/node_modules/concat-map/LICENSE',
507 silly gunzTarPerm   436,
507 silly gunzTarPerm   420 ]
508 silly gunzTarPerm extractEntry tools/node_modules/glob/node_modules/minimatch/node_modules/brace-expansion/node_modules/concat-map/index.js
509 silly gunzTarPerm modified mode [ 'tools/node_modules/glob/node_modules/minimatch/node_modules/brace-expansion/node_modules/concat-map/index.js',
509 silly gunzTarPerm   436,
509 silly gunzTarPerm   420 ]
510 silly gunzTarPerm extractEntry tools/node_modules/glob/node_modules/minimatch/node_modules/brace-expansion/node_modules/concat-map/.travis.yml
511 silly gunzTarPerm modified mode [ 'tools/node_modules/glob/node_modules/minimatch/node_modules/brace-expansion/node_modules/concat-map/.travis.yml',
511 silly gunzTarPerm   436,
511 silly gunzTarPerm   420 ]
512 silly gunzTarPerm extractEntry tools/node_modules/glob/node_modules/minimatch/node_modules/brace-expansion/node_modules/concat-map/README.markdown
513 silly gunzTarPerm modified mode [ 'tools/node_modules/glob/node_modules/minimatch/node_modules/brace-expansion/node_modules/concat-map/README.markdown',
513 silly gunzTarPerm   436,
513 silly gunzTarPerm   420 ]
514 silly gunzTarPerm extractEntry tools/node_modules/glob/node_modules/minimatch/node_modules/brace-expansion/node_modules/concat-map/example/map.js
515 silly gunzTarPerm modified mode [ 'tools/node_modules/glob/node_modules/minimatch/node_modules/brace-expansion/node_modules/concat-map/example/map.js',
515 silly gunzTarPerm   436,
515 silly gunzTarPerm   420 ]
516 silly gunzTarPerm extractEntry tools/node_modules/glob/node_modules/minimatch/node_modules/brace-expansion/node_modules/concat-map/test/map.js
517 silly gunzTarPerm modified mode [ 'tools/node_modules/glob/node_modules/minimatch/node_modules/brace-expansion/node_modules/concat-map/test/map.js',
517 silly gunzTarPerm   436,
517 silly gunzTarPerm   420 ]
518 silly gunzTarPerm extractEntry tools/node_modules/glob/node_modules/once/package.json
519 silly gunzTarPerm modified mode [ 'tools/node_modules/glob/node_modules/once/package.json',
519 silly gunzTarPerm   436,
519 silly gunzTarPerm   420 ]
520 silly gunzTarPerm extractEntry tools/node_modules/glob/node_modules/once/README.md
521 silly gunzTarPerm modified mode [ 'tools/node_modules/glob/node_modules/once/README.md',
521 silly gunzTarPerm   436,
521 silly gunzTarPerm   420 ]
522 silly gunzTarPerm extractEntry tools/node_modules/glob/node_modules/once/LICENSE
523 silly gunzTarPerm modified mode [ 'tools/node_modules/glob/node_modules/once/LICENSE', 436, 420 ]
524 silly gunzTarPerm extractEntry tools/node_modules/glob/node_modules/once/once.js
525 silly gunzTarPerm modified mode [ 'tools/node_modules/glob/node_modules/once/once.js', 436, 420 ]
526 silly gunzTarPerm extractEntry tools/node_modules/glob/node_modules/once/test/once.js
527 silly gunzTarPerm modified mode [ 'tools/node_modules/glob/node_modules/once/test/once.js',
527 silly gunzTarPerm   436,
527 silly gunzTarPerm   420 ]
528 silly gunzTarPerm extractEntry tools/node_modules/glob/node_modules/once/node_modules/wrappy/package.json
529 silly gunzTarPerm modified mode [ 'tools/node_modules/glob/node_modules/once/node_modules/wrappy/package.json',
529 silly gunzTarPerm   436,
529 silly gunzTarPerm   420 ]
530 silly gunzTarPerm extractEntry tools/node_modules/glob/node_modules/once/node_modules/wrappy/README.md
531 silly gunzTarPerm modified mode [ 'tools/node_modules/glob/node_modules/once/node_modules/wrappy/README.md',
531 silly gunzTarPerm   436,
531 silly gunzTarPerm   420 ]
532 silly gunzTarPerm extractEntry tools/node_modules/glob/node_modules/once/node_modules/wrappy/LICENSE
533 silly gunzTarPerm modified mode [ 'tools/node_modules/glob/node_modules/once/node_modules/wrappy/LICENSE',
533 silly gunzTarPerm   436,
533 silly gunzTarPerm   420 ]
534 silly gunzTarPerm extractEntry tools/node_modules/glob/node_modules/once/node_modules/wrappy/wrappy.js
535 silly gunzTarPerm modified mode [ 'tools/node_modules/glob/node_modules/once/node_modules/wrappy/wrappy.js',
535 silly gunzTarPerm   436,
535 silly gunzTarPerm   420 ]
536 silly gunzTarPerm extractEntry tools/node_modules/glob/node_modules/once/node_modules/wrappy/test/basic.js
537 silly gunzTarPerm modified mode [ 'tools/node_modules/glob/node_modules/once/node_modules/wrappy/test/basic.js',
537 silly gunzTarPerm   436,
537 silly gunzTarPerm   420 ]
538 silly gunzTarPerm extractEntry tools/node_modules/glob/node_modules/path-is-absolute/package.json
539 silly gunzTarPerm modified mode [ 'tools/node_modules/glob/node_modules/path-is-absolute/package.json',
539 silly gunzTarPerm   436,
539 silly gunzTarPerm   420 ]
540 silly gunzTarPerm extractEntry tools/node_modules/glob/node_modules/path-is-absolute/index.js
541 silly gunzTarPerm modified mode [ 'tools/node_modules/glob/node_modules/path-is-absolute/index.js',
541 silly gunzTarPerm   436,
541 silly gunzTarPerm   420 ]
542 silly gunzTarPerm extractEntry tools/node_modules/glob/node_modules/path-is-absolute/license
543 silly gunzTarPerm modified mode [ 'tools/node_modules/glob/node_modules/path-is-absolute/license',
543 silly gunzTarPerm   436,
543 silly gunzTarPerm   420 ]
544 silly gunzTarPerm extractEntry tools/node_modules/glob/node_modules/path-is-absolute/readme.md
545 silly gunzTarPerm modified mode [ 'tools/node_modules/glob/node_modules/path-is-absolute/readme.md',
545 silly gunzTarPerm   436,
545 silly gunzTarPerm   420 ]
546 silly gentlyRm /Users/jamesbaker/Desktop/nodetoad/snap/node_modules/.staging/snapchat-968db5a1/node_modules is being purged
547 verbose gentlyRm don't care about contents; nuking /Users/jamesbaker/Desktop/nodetoad/snap/node_modules/.staging/snapchat-968db5a1/node_modules
548 silly gentlyRm /Users/jamesbaker/Desktop/nodetoad/snap/node_modules/.staging/nan-fc942b9f/node_modules is being purged
549 verbose gentlyRm don't care about contents; nuking /Users/jamesbaker/Desktop/nodetoad/snap/node_modules/.staging/nan-fc942b9f/node_modules
550 silly doParallel preinstall 4
551 silly preinstall bindings@1.3.0 /Users/jamesbaker/Desktop/nodetoad/snap/node_modules/.staging/bindings-bf7bfae2
552 info lifecycle bindings@1.3.0~preinstall: bindings@1.3.0
553 silly preinstall nan@1.9.0 /Users/jamesbaker/Desktop/nodetoad/snap/node_modules/.staging/nan-fc942b9f
554 info lifecycle nan@1.9.0~preinstall: nan@1.9.0
555 silly preinstall ursa@0.8.5 /Users/jamesbaker/Desktop/nodetoad/snap/node_modules/.staging/ursa-fd6f3843
556 info lifecycle ursa@0.8.5~preinstall: ursa@0.8.5
557 silly preinstall snapchat@2.0.2 /Users/jamesbaker/Desktop/nodetoad/snap/node_modules/.staging/snapchat-968db5a1
558 info lifecycle snapchat@2.0.2~preinstall: snapchat@2.0.2
559 silly lifecycle bindings@1.3.0~preinstall: no script for preinstall, continuing
560 silly lifecycle nan@1.9.0~preinstall: no script for preinstall, continuing
561 silly lifecycle ursa@0.8.5~preinstall: no script for preinstall, continuing
562 silly lifecycle snapchat@2.0.2~preinstall: no script for preinstall, continuing
563 silly doReverseSerial remove 0
564 silly doSerial move 0
565 silly doSerial finalize 4
566 silly finalize /Users/jamesbaker/Desktop/nodetoad/snap/node_modules/bindings
567 silly finalize /Users/jamesbaker/Desktop/nodetoad/snap/node_modules/ursa/node_modules/nan
568 silly finalize /Users/jamesbaker/Desktop/nodetoad/snap/node_modules/ursa
569 silly finalize /Users/jamesbaker/Desktop/nodetoad/snap/node_modules/snapchat
570 silly doSerial build 4
571 silly build bindings@1.3.0
572 info linkStuff bindings@1.3.0
573 silly linkStuff bindings@1.3.0 has /Users/jamesbaker/Desktop/nodetoad/snap/node_modules as its parent node_modules
574 verbose linkBins bindings@1.3.0
575 verbose linkMans bindings@1.3.0
576 silly build nan@1.9.0
577 info linkStuff nan@1.9.0
578 silly linkStuff nan@1.9.0 has /Users/jamesbaker/Desktop/nodetoad/snap/node_modules/ursa/node_modules as its parent node_modules
579 verbose linkBins nan@1.9.0
580 verbose linkMans nan@1.9.0
581 silly build ursa@0.8.5
582 info linkStuff ursa@0.8.5
583 silly linkStuff ursa@0.8.5 has /Users/jamesbaker/Desktop/nodetoad/snap/node_modules as its parent node_modules
584 verbose linkBins ursa@0.8.5
585 verbose linkMans ursa@0.8.5
586 silly build snapchat@2.0.2
587 info linkStuff snapchat@2.0.2
588 silly linkStuff snapchat@2.0.2 has /Users/jamesbaker/Desktop/nodetoad/snap/node_modules as its parent node_modules
589 verbose linkBins snapchat@2.0.2
590 verbose linkMans snapchat@2.0.2
591 silly doSerial global-link 0
592 silly doParallel update-linked 0
593 silly doSerial install 4
594 silly install bindings@1.3.0 /Users/jamesbaker/Desktop/nodetoad/snap/node_modules/.staging/bindings-bf7bfae2
595 info lifecycle bindings@1.3.0~install: bindings@1.3.0
596 silly lifecycle bindings@1.3.0~install: no script for install, continuing
597 silly install nan@1.9.0 /Users/jamesbaker/Desktop/nodetoad/snap/node_modules/.staging/nan-fc942b9f
598 info lifecycle nan@1.9.0~install: nan@1.9.0
599 silly lifecycle nan@1.9.0~install: no script for install, continuing
600 silly install ursa@0.8.5 /Users/jamesbaker/Desktop/nodetoad/snap/node_modules/.staging/ursa-fd6f3843
601 info lifecycle ursa@0.8.5~install: ursa@0.8.5
602 verbose lifecycle ursa@0.8.5~install: unsafe-perm in lifecycle true
603 verbose lifecycle ursa@0.8.5~install: PATH: /usr/local/lib/node_modules/npm/bin/node-gyp-bin:/Users/jamesbaker/Desktop/nodetoad/snap/node_modules/ursa/node_modules/.bin:/Users/jamesbaker/Desktop/nodetoad/snap/node_modules/.bin:/Library/Frameworks/Python.framework/Versions/2.7/bin:/usr/local/bin:/usr/bin:/bin:/usr/sbin:/sbin:/usr/local/mysql/bin
604 verbose lifecycle ursa@0.8.5~install: CWD: /Users/jamesbaker/Desktop/nodetoad/snap/node_modules/ursa
605 silly lifecycle ursa@0.8.5~install: Args: [ '-c', 'node-gyp rebuild' ]
606 silly lifecycle ursa@0.8.5~install: Returned: code: 1  signal: null
607 info lifecycle ursa@0.8.5~install: Failed to exec install script
608 verbose unlock done using /Users/jamesbaker/.npm/_locks/staging-62c1d97f34ef4694.lock for /Users/jamesbaker/Desktop/nodetoad/snap/node_modules/.staging
609 silly rollbackFailedOptional Starting
610 silly rollbackFailedOptional Finishing
611 silly runTopLevelLifecycles Finishing
612 silly install printInstalled
613 warn snap@1.0.0 No description
614 verbose If you need help, you may report this error at:
614 verbose     <https://github.com/npm/npm/issues>
615 warn snap@1.0.0 No repository field.
616 verbose If you need help, you may report this error at:
616 verbose     <https://github.com/npm/npm/issues>
617 verbose stack Error: ursa@0.8.5 install: `node-gyp rebuild`
617 verbose stack Exit status 1
617 verbose stack     at EventEmitter.<anonymous> (/usr/local/lib/node_modules/npm/lib/utils/lifecycle.js:255:16)
617 verbose stack     at emitTwo (events.js:106:13)
617 verbose stack     at EventEmitter.emit (events.js:191:7)
617 verbose stack     at ChildProcess.<anonymous> (/usr/local/lib/node_modules/npm/lib/utils/spawn.js:40:14)
617 verbose stack     at emitTwo (events.js:106:13)
617 verbose stack     at ChildProcess.emit (events.js:191:7)
617 verbose stack     at maybeClose (internal/child_process.js:877:16)
617 verbose stack     at Process.ChildProcess._handle.onexit (internal/child_process.js:226:5)
618 verbose pkgid ursa@0.8.5
619 verbose cwd /Users/jamesbaker/Desktop/nodetoad/snap
620 error Darwin 15.6.0
621 error argv "/usr/local/bin/node" "/usr/local/bin/npm" "install" "snapchat"
622 error node v6.9.2
623 error npm  v3.10.9
624 error code ELIFECYCLE
625 error ursa@0.8.5 install: `node-gyp rebuild`
625 error Exit status 1
626 error Failed at the ursa@0.8.5 install script 'node-gyp rebuild'.
626 error Make sure you have the latest version of node.js and npm installed.
626 error If you do, this is most likely a problem with the ursa package,
626 error not with npm itself.
626 error Tell the author that this fails on your system:
626 error     node-gyp rebuild
626 error You can get information on how to open an issue for this project with:
626 error     npm bugs ursa
626 error Or if that isn't available, you can get their info via:
626 error     npm owner ls ursa
626 error There is likely additional logging output above.
627 verbose exit [ 1, true ]
